<?xml version="1.0" encoding="UTF-8"?>
<!-- Generated by org.testng.reporters.JUnitXMLReporter -->
<testsuite hostname="DESKTOP-N4GHF6I" ignored="0" name="Error Validations Test" tests="3" failures="1" timestamp="2023-08-29T18:10:39 EEST" time="43.306" errors="0">
  <testcase name="loginErrorValidation" time="1.51" classname="ofaqa.tests.ErrorValidationsTest">
    <skipped/>
  </testcase> <!-- loginErrorValidation -->
  <testcase name="loginErrorValidation" time="1.409" classname="ofaqa.tests.ErrorValidationsTest">
    <failure type="java.lang.AssertionError" message="expected [Incorrect email or password.] but found [Incorrect emailor password.]">
      <![CDATA[java.lang.AssertionError: expected [Incorrect email or password.] but found [Incorrect emailor password.]
at ofaqa.tests.ErrorValidationsTest.loginErrorValidation(ErrorValidationsTest.java:19)
at java.util.ArrayList.forEach(ArrayList.java:1259)
at java.util.concurrent.FutureTask.run(FutureTask.java:266)
at java.util.concurrent.ThreadPoolExecutor.runWorker(ThreadPoolExecutor.java:1149)
at java.util.concurrent.ThreadPoolExecutor$Worker.run(ThreadPoolExecutor.java:624)
at java.lang.Thread.run(Thread.java:750)
... Removed 24 stack frames]]>
    </failure>
  </testcase> <!-- loginErrorValidation -->
  <testcase name="productErrorValidation" time="15.317" classname="ofaqa.tests.ErrorValidationsTest"/>
</testsuite> <!-- Error Validations Test -->
